# JRE version: Java(TM) SE Runtime Environment (9.0+11) (build 9.0.4+11)
# Java VM: Java HotSpot(TM) 64-Bit Server VM (9.0.4+11, mixed mode, tiered, compressed oops, g1 gc, windows-amd64)
Heap:
 garbage-first heap   total 215040K, used 96945K [0x0000000700000000, 0x0000000700100690, 0x00000007c0000000)
  region size 1024K, 26 young (26624K), 1 survivors (1024K)
 Metaspace       used 78162K, capacity 83903K, committed 84144K, reserved 1122304K
  class space    used 10853K, capacity 11868K, committed 11952K, reserved 1048576K
GC Heap History (10 events):
Event: 60.053 GC heap before
{Heap before GC invocations=49 (full 3):
 garbage-first heap   total 215040K, used 127123K [0x0000000700000000, 0x0000000700100690, 0x00000007c0000000)
  region size 1024K, 60 young (61440K), 2 survivors (2048K)
 Metaspace       used 77793K, capacity 83215K, committed 83504K, reserved 1120256K
  class space    used 10795K, capacity 11760K, committed 11824K, reserved 1048576K
}
Event: 60.055 GC heap after
{Heap after GC invocations=50 (full 3):
 garbage-first heap   total 215040K, used 67680K [0x0000000700000000, 0x0000000700100690, 0x00000007c0000000)
  region size 1024K, 2 young (2048K), 2 survivors (2048K)
 Metaspace       used 77793K, capacity 83215K, committed 83504K, reserved 1120256K
  class space    used 10795K, capacity 11760K, committed 11824K, reserved 1048576K
}
Event: 60.091 GC heap before
{Heap before GC invocations=50 (full 3):
 garbage-first heap   total 215040K, used 89184K [0x0000000700000000, 0x0000000700100690, 0x00000007c0000000)
  region size 1024K, 23 young (23552K), 2 survivors (2048K)
 Metaspace       used 77797K, capacity 83215K, committed 83504K, reserved 1120256K
  class space    used 10795K, capacity 11760K, committed 11824K, reserved 1048576K
}
Event: 60.241 GC heap after
{Heap after GC invocations=51 (full 4):
 garbage-first heap   total 215040K, used 66474K [0x0000000700000000, 0x0000000700100690, 0x00000007c0000000)
  region size 1024K, 0 young (0K), 0 survivors (0K)
 Metaspace       used 77797K, capacity 83215K, committed 83504K, reserved 1120256K
  class space    used 10795K, capacity 11760K, committed 11824K, reserved 1048576K
}
Event: 61.163 GC heap before
{Heap before GC invocations=51 (full 4):
 garbage-first heap   total 215040K, used 129962K [0x0000000700000000, 0x0000000700100690, 0x00000007c0000000)
  region size 1024K, 60 young (61440K), 0 survivors (0K)
 Metaspace       used 77853K, capacity 83279K, committed 83504K, reserved 1120256K
  class space    used 10795K, capacity 11760K, committed 11824K, reserved 1048576K
}
Event: 61.165 GC heap after
{Heap after GC invocations=52 (full 4):
 garbage-first heap   total 215040K, used 69005K [0x0000000700000000, 0x0000000700100690, 0x00000007c0000000)
  region size 1024K, 1 young (1024K), 1 survivors (1024K)
 Metaspace       used 77853K, capacity 83279K, committed 83504K, reserved 1120256K
  class space    used 10795K, capacity 11760K, committed 11824K, reserved 1048576K
}
Event: 63.047 GC heap before
{Heap before GC invocations=52 (full 4):
 garbage-first heap   total 215040K, used 129421K [0x0000000700000000, 0x0000000700100690, 0x00000007c0000000)
  region size 1024K, 60 young (61440K), 1 survivors (1024K)
 Metaspace       used 78136K, capacity 83775K, committed 83888K, reserved 1122304K
  class space    used 10853K, capacity 11868K, committed 11952K, reserved 1048576K
}
Event: 63.049 GC heap after
{Heap after GC invocations=53 (full 4):
 garbage-first heap   total 215040K, used 69222K [0x0000000700000000, 0x0000000700100690, 0x00000007c0000000)
  region size 1024K, 1 young (1024K), 1 survivors (1024K)
 Metaspace       used 78136K, capacity 83775K, committed 83888K, reserved 1122304K
  class space    used 10853K, capacity 11868K, committed 11952K, reserved 1048576K
}
Event: 63.115 GC heap before
{Heap before GC invocations=53 (full 4):
 garbage-first heap   total 215040K, used 80486K [0x0000000700000000, 0x0000000700100690, 0x00000007c0000000)
  region size 1024K, 10 young (10240K), 1 survivors (1024K)
 Metaspace       used 78148K, capacity 83775K, committed 83888K, reserved 1122304K
  class space    used 10853K, capacity 11868K, committed 11952K, reserved 1048576K
}
Event: 63.117 GC heap after
{Heap after GC invocations=54 (full 4):
 garbage-first heap   total 215040K, used 72369K [0x0000000700000000, 0x0000000700100690, 0x00000007c0000000)
  region size 1024K, 1 young (1024K), 1 survivors (1024K)
 Metaspace       used 78148K, capacity 83775K, committed 83888K, reserved 1122304K
  class space    used 10853K, capacity 11868K, committed 11952K, reserved 1048576K
}

