# JRE version: Java(TM) SE Runtime Environment (9.0+11) (build 9.0.4+11)
# Java VM: Java HotSpot(TM) 64-Bit Server VM (9.0.4+11, mixed mode, tiered, compressed oops, g1 gc, windows-amd64)
Heap:
 garbage-first heap   total 243712K, used 130481K [0x0000000700000000, 0x0000000700100770, 0x00000007c0000000)
  region size 1024K, 52 young (53248K), 1 survivors (1024K)
 Metaspace       used 87526K, capacity 94229K, committed 94512K, reserved 1130496K
  class space    used 11909K, capacity 13053K, committed 13104K, reserved 1048576K
GC Heap History (10 events):
Event: 998.310 GC heap before
{Heap before GC invocations=331 (full 124):
 garbage-first heap   total 243712K, used 140039K [0x0000000700000000, 0x0000000700100770, 0x00000007c0000000)
  region size 1024K, 60 young (61440K), 0 survivors (0K)
 Metaspace       used 87447K, capacity 94161K, committed 94256K, reserved 1130496K
  class space    used 11909K, capacity 13053K, committed 13104K, reserved 1048576K
}
Event: 998.313 GC heap after
{Heap after GC invocations=332 (full 124):
 garbage-first heap   total 243712K, used 79510K [0x0000000700000000, 0x0000000700100770, 0x00000007c0000000)
  region size 1024K, 1 young (1024K), 1 survivors (1024K)
 Metaspace       used 87447K, capacity 94161K, committed 94256K, reserved 1130496K
  class space    used 11909K, capacity 13053K, committed 13104K, reserved 1048576K
}
Event: 1000.279 GC heap before
{Heap before GC invocations=332 (full 124):
 garbage-first heap   total 243712K, used 139926K [0x0000000700000000, 0x0000000700100770, 0x00000007c0000000)
  region size 1024K, 60 young (61440K), 1 survivors (1024K)
 Metaspace       used 87502K, capacity 94225K, committed 94512K, reserved 1130496K
  class space    used 11909K, capacity 13053K, committed 13104K, reserved 1048576K
}
Event: 1000.281 GC heap after
{Heap after GC invocations=333 (full 124):
 garbage-first heap   total 243712K, used 79536K [0x0000000700000000, 0x0000000700100770, 0x00000007c0000000)
  region size 1024K, 1 young (1024K), 1 survivors (1024K)
 Metaspace       used 87502K, capacity 94225K, committed 94512K, reserved 1130496K
  class space    used 11909K, capacity 13053K, committed 13104K, reserved 1048576K
}
Event: 1060.220 GC heap before
{Heap before GC invocations=333 (full 124):
 garbage-first heap   total 243712K, used 139952K [0x0000000700000000, 0x0000000700100770, 0x00000007c0000000)
  region size 1024K, 60 young (61440K), 1 survivors (1024K)
 Metaspace       used 87515K, capacity 94229K, committed 94512K, reserved 1130496K
  class space    used 11909K, capacity 13053K, committed 13104K, reserved 1048576K
}
Event: 1060.222 GC heap after
{Heap after GC invocations=334 (full 124):
 garbage-first heap   total 243712K, used 79705K [0x0000000700000000, 0x0000000700100770, 0x00000007c0000000)
  region size 1024K, 2 young (2048K), 2 survivors (2048K)
 Metaspace       used 87515K, capacity 94229K, committed 94512K, reserved 1130496K
  class space    used 11909K, capacity 13053K, committed 13104K, reserved 1048576K
}
Event: 1062.216 GC heap before
{Heap before GC invocations=334 (full 124):
 garbage-first heap   total 243712K, used 139097K [0x0000000700000000, 0x0000000700100770, 0x00000007c0000000)
  region size 1024K, 60 young (61440K), 2 survivors (2048K)
 Metaspace       used 87523K, capacity 94229K, committed 94512K, reserved 1130496K
  class space    used 11909K, capacity 13053K, committed 13104K, reserved 1048576K
}
Event: 1062.218 GC heap after
{Heap after GC invocations=335 (full 124):
 garbage-first heap   total 243712K, used 79240K [0x0000000700000000, 0x0000000700100770, 0x00000007c0000000)
  region size 1024K, 1 young (1024K), 1 survivors (1024K)
 Metaspace       used 87523K, capacity 94229K, committed 94512K, reserved 1130496K
  class space    used 11909K, capacity 13053K, committed 13104K, reserved 1048576K
}
Event: 1062.343 GC heap before
{Heap before GC invocations=335 (full 124):
 garbage-first heap   total 243712K, used 139656K [0x0000000700000000, 0x0000000700100770, 0x00000007c0000000)
  region size 1024K, 60 young (61440K), 1 survivors (1024K)
 Metaspace       used 87523K, capacity 94229K, committed 94512K, reserved 1130496K
  class space    used 11909K, capacity 13053K, committed 13104K, reserved 1048576K
}
Event: 1062.345 GC heap after
{Heap after GC invocations=336 (full 124):
 garbage-first heap   total 243712K, used 79281K [0x0000000700000000, 0x0000000700100770, 0x00000007c0000000)
  region size 1024K, 1 young (1024K), 1 survivors (1024K)
 Metaspace       used 87523K, capacity 94229K, committed 94512K, reserved 1130496K
  class space    used 11909K, capacity 13053K, committed 13104K, reserved 1048576K
}

