# JRE version: Java(TM) SE Runtime Environment (9.0+11) (build 9.0.4+11)
# Java VM: Java HotSpot(TM) 64-Bit Server VM (9.0.4+11, mixed mode, tiered, compressed oops, g1 gc, windows-amd64)
Heap:
 garbage-first heap   total 352256K, used 161827K [0x0000000700000000, 0x0000000700100ac0, 0x00000007c0000000)
  region size 1024K, 56 young (57344K), 1 survivors (1024K)
 Metaspace       used 89345K, capacity 91265K, committed 99760K, reserved 1134592K
  class space    used 11783K, capacity 12183K, committed 14000K, reserved 1048576K
GC Heap History (10 events):
Event: 6892.627 GC heap before
{Heap before GC invocations=1533 (full 693):
 garbage-first heap   total 352256K, used 166528K [0x0000000700000000, 0x0000000700100ac0, 0x00000007c0000000)
  region size 1024K, 60 young (61440K), 1 survivors (1024K)
 Metaspace       used 89339K, capacity 91265K, committed 99760K, reserved 1134592K
  class space    used 11783K, capacity 12183K, committed 14000K, reserved 1048576K
}
Event: 6892.629 GC heap after
{Heap after GC invocations=1534 (full 693):
 garbage-first heap   total 352256K, used 106085K [0x0000000700000000, 0x0000000700100ac0, 0x00000007c0000000)
  region size 1024K, 1 young (1024K), 1 survivors (1024K)
 Metaspace       used 89339K, capacity 91265K, committed 99760K, reserved 1134592K
  class space    used 11783K, capacity 12183K, committed 14000K, reserved 1048576K
}
Event: 6893.922 GC heap before
{Heap before GC invocations=1534 (full 693):
 garbage-first heap   total 352256K, used 166501K [0x0000000700000000, 0x0000000700100ac0, 0x00000007c0000000)
  region size 1024K, 60 young (61440K), 1 survivors (1024K)
 Metaspace       used 89339K, capacity 91265K, committed 99760K, reserved 1134592K
  class space    used 11783K, capacity 12183K, committed 14000K, reserved 1048576K
}
Event: 6893.925 GC heap after
{Heap after GC invocations=1535 (full 693):
 garbage-first heap   total 352256K, used 106594K [0x0000000700000000, 0x0000000700100ac0, 0x00000007c0000000)
  region size 1024K, 1 young (1024K), 1 survivors (1024K)
 Metaspace       used 89339K, capacity 91265K, committed 99760K, reserved 1134592K
  class space    used 11783K, capacity 12183K, committed 14000K, reserved 1048576K
}
Event: 6900.580 GC heap before
{Heap before GC invocations=1535 (full 693):
 garbage-first heap   total 352256K, used 167010K [0x0000000700000000, 0x0000000700100ac0, 0x00000007c0000000)
  region size 1024K, 60 young (61440K), 1 survivors (1024K)
 Metaspace       used 89340K, capacity 91265K, committed 99760K, reserved 1134592K
  class space    used 11783K, capacity 12183K, committed 14000K, reserved 1048576K
}
Event: 6900.583 GC heap after
{Heap after GC invocations=1536 (full 693):
 garbage-first heap   total 352256K, used 106669K [0x0000000700000000, 0x0000000700100ac0, 0x00000007c0000000)
  region size 1024K, 2 young (2048K), 2 survivors (2048K)
 Metaspace       used 89340K, capacity 91265K, committed 99760K, reserved 1134592K
  class space    used 11783K, capacity 12183K, committed 14000K, reserved 1048576K
}
Event: 6902.001 GC heap before
{Heap before GC invocations=1536 (full 693):
 garbage-first heap   total 352256K, used 166061K [0x0000000700000000, 0x0000000700100ac0, 0x00000007c0000000)
  region size 1024K, 60 young (61440K), 2 survivors (2048K)
 Metaspace       used 89340K, capacity 91265K, committed 99760K, reserved 1134592K
  class space    used 11783K, capacity 12183K, committed 14000K, reserved 1048576K
}
Event: 6902.003 GC heap after
{Heap after GC invocations=1537 (full 693):
 garbage-first heap   total 352256K, used 106294K [0x0000000700000000, 0x0000000700100ac0, 0x00000007c0000000)
  region size 1024K, 1 young (1024K), 1 survivors (1024K)
 Metaspace       used 89340K, capacity 91265K, committed 99760K, reserved 1134592K
  class space    used 11783K, capacity 12183K, committed 14000K, reserved 1048576K
}
Event: 6908.395 GC heap before
{Heap before GC invocations=1537 (full 693):
 garbage-first heap   total 352256K, used 166710K [0x0000000700000000, 0x0000000700100ac0, 0x00000007c0000000)
  region size 1024K, 60 young (61440K), 1 survivors (1024K)
 Metaspace       used 89343K, capacity 91265K, committed 99760K, reserved 1134592K
  class space    used 11783K, capacity 12183K, committed 14000K, reserved 1048576K
}
Event: 6908.398 GC heap after
{Heap after GC invocations=1538 (full 693):
 garbage-first heap   total 352256K, used 106531K [0x0000000700000000, 0x0000000700100ac0, 0x00000007c0000000)
  region size 1024K, 1 young (1024K), 1 survivors (1024K)
 Metaspace       used 89343K, capacity 91265K, committed 99760K, reserved 1134592K
  class space    used 11783K, capacity 12183K, committed 14000K, reserved 1048576K
}

