# JRE version: Java(TM) SE Runtime Environment (9.0+11) (build 9.0.4+11)
# Java VM: Java HotSpot(TM) 64-Bit Server VM (9.0.4+11, mixed mode, tiered, compressed oops, g1 gc, windows-amd64)
Heap:
 garbage-first heap   total 297984K, used 119051K [0x0000000700000000, 0x0000000700100918, 0x00000007c0000000)
  region size 1024K, 29 young (29696K), 0 survivors (0K)
 Metaspace       used 89085K, capacity 95873K, committed 95996K, reserved 1132544K
  class space    used 12123K, capacity 13291K, committed 13308K, reserved 1048576K
GC Heap History (10 events):
Event: 1264.720 GC heap before
{Heap before GC invocations=762 (full 337):
 garbage-first heap   total 304128K, used 154810K [0x0000000700000000, 0x0000000700100948, 0x00000007c0000000)
  region size 1024K, 60 young (61440K), 2 survivors (2048K)
 Metaspace       used 88786K, capacity 95553K, committed 95740K, reserved 1132544K
  class space    used 12069K, capacity 13227K, committed 13308K, reserved 1048576K
}
Event: 1264.722 GC heap after
{Heap after GC invocations=763 (full 337):
 garbage-first heap   total 304128K, used 94178K [0x0000000700000000, 0x0000000700100948, 0x00000007c0000000)
  region size 1024K, 1 young (1024K), 1 survivors (1024K)
 Metaspace       used 88786K, capacity 95553K, committed 95740K, reserved 1132544K
  class space    used 12069K, capacity 13227K, committed 13308K, reserved 1048576K
}
Event: 1267.007 GC heap before
{Heap before GC invocations=763 (full 337):
 garbage-first heap   total 304128K, used 154594K [0x0000000700000000, 0x0000000700100948, 0x00000007c0000000)
  region size 1024K, 60 young (61440K), 1 survivors (1024K)
 Metaspace       used 89080K, capacity 95873K, committed 95996K, reserved 1132544K
  class space    used 12123K, capacity 13291K, committed 13308K, reserved 1048576K
}
Event: 1267.009 GC heap after
{Heap after GC invocations=764 (full 337):
 garbage-first heap   total 304128K, used 94666K [0x0000000700000000, 0x0000000700100948, 0x00000007c0000000)
  region size 1024K, 2 young (2048K), 2 survivors (2048K)
 Metaspace       used 89080K, capacity 95873K, committed 95996K, reserved 1132544K
  class space    used 12123K, capacity 13291K, committed 13308K, reserved 1048576K
}
Event: 1267.884 GC heap before
{Heap before GC invocations=764 (full 337):
 garbage-first heap   total 304128K, used 104906K [0x0000000700000000, 0x0000000700100948, 0x00000007c0000000)
  region size 1024K, 11 young (11264K), 2 survivors (2048K)
 Metaspace       used 89082K, capacity 95873K, committed 95996K, reserved 1132544K
  class space    used 12123K, capacity 13291K, committed 13308K, reserved 1048576K
}
Event: 1268.044 GC heap after
{Heap after GC invocations=765 (full 338):
 garbage-first heap   total 297984K, used 89280K [0x0000000700000000, 0x0000000700100918, 0x00000007c0000000)
  region size 1024K, 0 young (0K), 0 survivors (0K)
 Metaspace       used 89082K, capacity 95873K, committed 95996K, reserved 1132544K
  class space    used 12123K, capacity 13291K, committed 13308K, reserved 1048576K
}
Event: 1268.828 GC heap before
{Heap before GC invocations=765 (full 338):
 garbage-first heap   total 297984K, used 150720K [0x0000000700000000, 0x0000000700100918, 0x00000007c0000000)
  region size 1024K, 60 young (61440K), 0 survivors (0K)
 Metaspace       used 89084K, capacity 95873K, committed 95996K, reserved 1132544K
  class space    used 12123K, capacity 13291K, committed 13308K, reserved 1048576K
}
Event: 1268.830 GC heap after
{Heap after GC invocations=766 (full 338):
 garbage-first heap   total 297984K, used 89659K [0x0000000700000000, 0x0000000700100918, 0x00000007c0000000)
  region size 1024K, 1 young (1024K), 1 survivors (1024K)
 Metaspace       used 89084K, capacity 95873K, committed 95996K, reserved 1132544K
  class space    used 12123K, capacity 13291K, committed 13308K, reserved 1048576K
}
Event: 1268.916 GC heap before
{Heap before GC invocations=766 (full 338):
 garbage-first heap   total 297984K, used 115259K [0x0000000700000000, 0x0000000700100918, 0x00000007c0000000)
  region size 1024K, 21 young (21504K), 1 survivors (1024K)
 Metaspace       used 89084K, capacity 95873K, committed 95996K, reserved 1132544K
  class space    used 12123K, capacity 13291K, committed 13308K, reserved 1048576K
}
Event: 1269.069 GC heap after
{Heap after GC invocations=767 (full 339):
 garbage-first heap   total 297984K, used 90379K [0x0000000700000000, 0x0000000700100918, 0x00000007c0000000)
  region size 1024K, 0 young (0K), 0 survivors (0K)
 Metaspace       used 89084K, capacity 95873K, committed 95996K, reserved 1132544K
  class space    used 12123K, capacity 13291K, committed 13308K, reserved 1048576K
}

